c:\users\guddi\onedrive\desktop\cctech_progress\week5\day2\signal_and_slot\signal_and_slot\x64\debug\vc145.pdb
c:\users\guddi\onedrive\desktop\cctech_progress\week5\day2\signal_and_slot\signal_and_slot\x64\debug\vc145.idb
c:\users\guddi\onedrive\desktop\cctech_progress\week5\day2\signal_and_slot\signal_and_slot\x64\debug\qrc_signal_and_slot.obj
c:\users\guddi\onedrive\desktop\cctech_progress\week5\day2\signal_and_slot\signal_and_slot\x64\debug\signal_and_slot.obj
c:\users\guddi\onedrive\desktop\cctech_progress\week5\day2\signal_and_slot\signal_and_slot\x64\debug\main.obj
c:\users\guddi\onedrive\desktop\cctech_progress\week5\day2\signal_and_slot\signal_and_slot\x64\debug\moc_signal_and_slot.obj
c:\users\guddi\onedrive\desktop\cctech_progress\week5\day2\signal_and_slot\x64\debug\signal_and_slot.exe
c:\users\guddi\onedrive\desktop\cctech_progress\week5\day2\signal_and_slot\x64\debug\signal_and_slot.pdb
c:\users\guddi\onedrive\desktop\cctech_progress\week5\day2\signal_and_slot\signal_and_slot\x64\debug\qt\moc\moc_signal_and_slot.cpp
c:\users\guddi\onedrive\desktop\cctech_progress\week5\day2\signal_and_slot\signal_and_slot\x64\debug\qt\rcc\qrc_signal_and_slot.cpp
c:\users\guddi\onedrive\desktop\cctech_progress\week5\day2\signal_and_slot\signal_and_slot\x64\debug\qt\uic\ui_signal_and_slot.h
c:\users\guddi\onedrive\desktop\cctech_progress\week5\day2\signal_and_slot\signal_and_slot\x64\debug\signal_and_slot.ilk
c:\users\guddi\onedrive\desktop\cctech_progress\week5\day2\signal_and_slot\signal_and_slot\x64\debug\signal_and_slot.tlog\cl.command.1.tlog
c:\users\guddi\onedrive\desktop\cctech_progress\week5\day2\signal_and_slot\signal_and_slot\x64\debug\signal_and_slot.tlog\cl.items.tlog
c:\users\guddi\onedrive\desktop\cctech_progress\week5\day2\signal_and_slot\signal_and_slot\x64\debug\signal_and_slot.tlog\cl.read.1.tlog
c:\users\guddi\onedrive\desktop\cctech_progress\week5\day2\signal_and_slot\signal_and_slot\x64\debug\signal_and_slot.tlog\cl.write.1.tlog
c:\users\guddi\onedrive\desktop\cctech_progress\week5\day2\signal_and_slot\signal_and_slot\x64\debug\signal_and_slot.tlog\link.command.1.tlog
c:\users\guddi\onedrive\desktop\cctech_progress\week5\day2\signal_and_slot\signal_and_slot\x64\debug\signal_and_slot.tlog\link.read.1.tlog
c:\users\guddi\onedrive\desktop\cctech_progress\week5\day2\signal_and_slot\signal_and_slot\x64\debug\signal_and_slot.tlog\link.secondary.1.tlog
c:\users\guddi\onedrive\desktop\cctech_progress\week5\day2\signal_and_slot\signal_and_slot\x64\debug\signal_and_slot.tlog\link.write.1.tlog
c:\users\guddi\onedrive\desktop\cctech_progress\week5\day2\signal_and_slot\signal_and_slot\x64\debug\signal_and_slot.tlog\moc.read.1u.tlog
c:\users\guddi\onedrive\desktop\cctech_progress\week5\day2\signal_and_slot\signal_and_slot\x64\debug\signal_and_slot.tlog\moc.write.1u.tlog
c:\users\guddi\onedrive\desktop\cctech_progress\week5\day2\signal_and_slot\signal_and_slot\x64\debug\signal_and_slot.tlog\rcc.read.1u.tlog
c:\users\guddi\onedrive\desktop\cctech_progress\week5\day2\signal_and_slot\signal_and_slot\x64\debug\signal_and_slot.tlog\rcc.write.1u.tlog
c:\users\guddi\onedrive\desktop\cctech_progress\week5\day2\signal_and_slot\signal_and_slot\x64\debug\signal_and_slot.tlog\signal_and_slot.write.1u.tlog
c:\users\guddi\onedrive\desktop\cctech_progress\week5\day2\signal_and_slot\signal_and_slot\x64\debug\signal_and_slot.tlog\uic.read.1u.tlog
c:\users\guddi\onedrive\desktop\cctech_progress\week5\day2\signal_and_slot\signal_and_slot\x64\debug\signal_and_slot.tlog\uic.write.1u.tlog
