c:\users\guddi\onedrive\desktop\cctech_progress\week5\day3\pointapp\pointapp\x64\debug\vc145.pdb
c:\users\guddi\onedrive\desktop\cctech_progress\week5\day3\pointapp\pointapp\x64\debug\vc145.idb
c:\users\guddi\onedrive\desktop\cctech_progress\week5\day3\pointapp\pointapp\x64\debug\qrc_pointapp.obj
c:\users\guddi\onedrive\desktop\cctech_progress\week5\day3\pointapp\pointapp\x64\debug\cuboid.obj
c:\users\guddi\onedrive\desktop\cctech_progress\week5\day3\pointapp\pointapp\x64\debug\colorbar.obj
c:\users\guddi\onedrive\desktop\cctech_progress\week5\day3\pointapp\pointapp\x64\debug\main.obj
c:\users\guddi\onedrive\desktop\cctech_progress\week5\day3\pointapp\pointapp\x64\debug\toolbox.obj
c:\users\guddi\onedrive\desktop\cctech_progress\week5\day3\pointapp\pointapp\x64\debug\canvas.obj
c:\users\guddi\onedrive\desktop\cctech_progress\week5\day3\pointapp\pointapp\x64\debug\pointapp.obj
c:\users\guddi\onedrive\desktop\cctech_progress\week5\day3\pointapp\pointapp\x64\debug\moc_pointapp.obj
c:\users\guddi\onedrive\desktop\cctech_progress\week5\day3\pointapp\pointapp\x64\debug\moc_canvas.obj
c:\users\guddi\onedrive\desktop\cctech_progress\week5\day3\pointapp\pointapp\x64\debug\moc_cuboid.obj
c:\users\guddi\onedrive\desktop\cctech_progress\week5\day3\pointapp\pointapp\x64\debug\moc_toolbox.obj
c:\users\guddi\onedrive\desktop\cctech_progress\week5\day3\pointapp\pointapp\x64\debug\moc_colorbar.obj
c:\users\guddi\onedrive\desktop\cctech_progress\week5\day3\pointapp\pointapp\x64\debug\sphere.obj
c:\users\guddi\onedrive\desktop\cctech_progress\week5\day3\pointapp\pointapp\x64\debug\moc_sphere.obj
c:\users\guddi\onedrive\desktop\cctech_progress\week5\day3\pointapp\x64\debug\pointapp.exe
c:\users\guddi\onedrive\desktop\cctech_progress\week5\day3\pointapp\x64\debug\pointapp.pdb
c:\users\guddi\onedrive\desktop\cctech_progress\week5\day3\pointapp\pointapp\x64\debug\qt\moc\moc_canvas.cpp
c:\users\guddi\onedrive\desktop\cctech_progress\week5\day3\pointapp\pointapp\x64\debug\qt\moc\moc_sphere.cpp
c:\users\guddi\onedrive\desktop\cctech_progress\week5\day3\pointapp\pointapp\x64\debug\qt\rcc\qrc_pointapp.cpp
c:\users\guddi\onedrive\desktop\cctech_progress\week5\day3\pointapp\pointapp\x64\debug\qt\moc\moc_pointapp.cpp
c:\users\guddi\onedrive\desktop\cctech_progress\week5\day3\pointapp\pointapp\x64\debug\qt\moc\moc_colorbar.cpp
c:\users\guddi\onedrive\desktop\cctech_progress\week5\day3\pointapp\pointapp\x64\debug\qt\moc\moc_toolbox.cpp
c:\users\guddi\onedrive\desktop\cctech_progress\week5\day3\pointapp\pointapp\x64\debug\qt\moc\moc_cuboid.cpp
c:\users\guddi\onedrive\desktop\cctech_progress\week5\day3\pointapp\pointapp\x64\debug\pointapp.ilk
c:\users\guddi\onedrive\desktop\cctech_progress\week5\day3\pointapp\pointapp\x64\debug\pointapp.tlog\cl.command.1.tlog
c:\users\guddi\onedrive\desktop\cctech_progress\week5\day3\pointapp\pointapp\x64\debug\pointapp.tlog\cl.items.tlog
c:\users\guddi\onedrive\desktop\cctech_progress\week5\day3\pointapp\pointapp\x64\debug\pointapp.tlog\cl.read.1.tlog
c:\users\guddi\onedrive\desktop\cctech_progress\week5\day3\pointapp\pointapp\x64\debug\pointapp.tlog\cl.write.1.tlog
c:\users\guddi\onedrive\desktop\cctech_progress\week5\day3\pointapp\pointapp\x64\debug\pointapp.tlog\link.command.1.tlog
c:\users\guddi\onedrive\desktop\cctech_progress\week5\day3\pointapp\pointapp\x64\debug\pointapp.tlog\link.read.1.tlog
c:\users\guddi\onedrive\desktop\cctech_progress\week5\day3\pointapp\pointapp\x64\debug\pointapp.tlog\link.secondary.1.tlog
c:\users\guddi\onedrive\desktop\cctech_progress\week5\day3\pointapp\pointapp\x64\debug\pointapp.tlog\link.write.1.tlog
c:\users\guddi\onedrive\desktop\cctech_progress\week5\day3\pointapp\pointapp\x64\debug\pointapp.tlog\moc.read.1u.tlog
c:\users\guddi\onedrive\desktop\cctech_progress\week5\day3\pointapp\pointapp\x64\debug\pointapp.tlog\moc.write.1u.tlog
c:\users\guddi\onedrive\desktop\cctech_progress\week5\day3\pointapp\pointapp\x64\debug\pointapp.tlog\pointapp.write.1u.tlog
c:\users\guddi\onedrive\desktop\cctech_progress\week5\day3\pointapp\pointapp\x64\debug\pointapp.tlog\rcc.read.1u.tlog
c:\users\guddi\onedrive\desktop\cctech_progress\week5\day3\pointapp\pointapp\x64\debug\pointapp.tlog\rcc.write.1u.tlog
