c:\users\guddi\onedrive\desktop\cctech_progress\week6\day3\openglshape\openglshape\x64\debug\openglshape.obj
c:\users\guddi\onedrive\desktop\cctech_progress\week6\day3\openglshape\openglshape\x64\debug\main.obj
c:\users\guddi\onedrive\desktop\cctech_progress\week6\day3\openglshape\openglshape\x64\debug\fibonacci.obj
c:\users\guddi\onedrive\desktop\cctech_progress\week6\day3\openglshape\openglshape\x64\debug\vc145.pdb
c:\users\guddi\onedrive\desktop\cctech_progress\week6\day3\openglshape\openglshape\x64\debug\vc145.idb
c:\users\guddi\onedrive\desktop\cctech_progress\week6\day3\openglshape\openglshape\x64\debug\qrc_openglshape.obj
c:\users\guddi\onedrive\desktop\cctech_progress\week6\day3\openglshape\openglshape\x64\debug\moc_openglshape.obj
c:\users\guddi\onedrive\desktop\cctech_progress\week6\day3\openglshape\openglshape\x64\debug\generatecirclepoint.obj
c:\users\guddi\onedrive\desktop\cctech_progress\week6\day3\openglshape\openglshape\x64\debug\generateellipsepoint.obj
c:\users\guddi\onedrive\desktop\cctech_progress\week6\day3\openglshape\openglshape\x64\debug\generatelinepoint.obj
c:\users\guddi\onedrive\desktop\cctech_progress\week6\day3\openglshape\openglshape\x64\debug\generatecubepoint.obj
c:\users\guddi\onedrive\desktop\cctech_progress\week6\day3\openglshape\openglshape\x64\debug\generatespherepoint.obj
c:\users\guddi\onedrive\desktop\cctech_progress\week6\day3\openglshape\openglshape\x64\debug\inputdialog.obj
c:\users\guddi\onedrive\desktop\cctech_progress\week6\day3\openglshape\openglshape\x64\debug\moc_inputdialog.obj
c:\users\guddi\onedrive\desktop\cctech_progress\week6\day3\openglshape\x64\debug\openglshape.exe
c:\users\guddi\onedrive\desktop\cctech_progress\week6\day3\openglshape\x64\debug\openglshape.pdb
c:\users\guddi\onedrive\desktop\cctech_progress\week6\day3\openglshape\openglshape\x64\debug\qt\moc\moc_inputdialog.cpp
c:\users\guddi\onedrive\desktop\cctech_progress\week6\day1\openglshape\openglshape\x64\debug\qt\uic\ui_openglshape.h
c:\users\guddi\onedrive\desktop\cctech_progress\week6\day1\openglshape\openglshape\x64\debug\qt\rcc\qrc_openglshape.cpp
c:\users\guddi\onedrive\desktop\cctech_progress\week6\day1\openglshape\openglshape\x64\debug\qt\moc\moc_openglshape.cpp
c:\users\guddi\onedrive\desktop\cctech_progress\week6\day3\openglshape\openglshape\x64\debug\qt\uic\ui_openglshape.h
c:\users\guddi\onedrive\desktop\cctech_progress\week6\day3\openglshape\openglshape\x64\debug\qt\rcc\qrc_openglshape.cpp
c:\users\guddi\onedrive\desktop\cctech_progress\week6\day3\openglshape\openglshape\x64\debug\qt\moc\moc_openglshape.cpp
c:\users\guddi\onedrive\desktop\cctech_progress\week6\day3\openglshape\openglshape\x64\debug\openglshape.ilk
c:\users\guddi\onedrive\desktop\cctech_progress\week6\day3\openglshape\openglshape\x64\debug\main.obj.enc
c:\users\guddi\onedrive\desktop\cctech_progress\week6\day3\openglshape\openglshape\x64\debug\openglshape.tlog\cl.command.1.tlog
c:\users\guddi\onedrive\desktop\cctech_progress\week6\day3\openglshape\openglshape\x64\debug\openglshape.tlog\cl.items.tlog
c:\users\guddi\onedrive\desktop\cctech_progress\week6\day3\openglshape\openglshape\x64\debug\openglshape.tlog\cl.read.1.tlog
c:\users\guddi\onedrive\desktop\cctech_progress\week6\day3\openglshape\openglshape\x64\debug\openglshape.tlog\cl.write.1.tlog
c:\users\guddi\onedrive\desktop\cctech_progress\week6\day3\openglshape\openglshape\x64\debug\openglshape.tlog\link.command.1.tlog
c:\users\guddi\onedrive\desktop\cctech_progress\week6\day3\openglshape\openglshape\x64\debug\openglshape.tlog\link.read.1.tlog
c:\users\guddi\onedrive\desktop\cctech_progress\week6\day3\openglshape\openglshape\x64\debug\openglshape.tlog\link.secondary.1.tlog
c:\users\guddi\onedrive\desktop\cctech_progress\week6\day3\openglshape\openglshape\x64\debug\openglshape.tlog\link.write.1.tlog
c:\users\guddi\onedrive\desktop\cctech_progress\week6\day3\openglshape\openglshape\x64\debug\openglshape.tlog\moc.read.1u.tlog
c:\users\guddi\onedrive\desktop\cctech_progress\week6\day3\openglshape\openglshape\x64\debug\openglshape.tlog\moc.write.1u.tlog
c:\users\guddi\onedrive\desktop\cctech_progress\week6\day3\openglshape\openglshape\x64\debug\openglshape.tlog\openglshape.write.1u.tlog
c:\users\guddi\onedrive\desktop\cctech_progress\week6\day3\openglshape\openglshape\x64\debug\openglshape.tlog\rcc.read.1u.tlog
c:\users\guddi\onedrive\desktop\cctech_progress\week6\day3\openglshape\openglshape\x64\debug\openglshape.tlog\rcc.write.1u.tlog
c:\users\guddi\onedrive\desktop\cctech_progress\week6\day3\openglshape\openglshape\x64\debug\openglshape.tlog\uic.read.1u.tlog
c:\users\guddi\onedrive\desktop\cctech_progress\week6\day3\openglshape\openglshape\x64\debug\openglshape.tlog\uic.write.1u.tlog
